<?xml version="1.0" encoding="UTF-8"?>
<testsuite name="SquareTest" tests="1" skipped="0" failures="0" errors="0" timestamp="2019-07-23T12:04:15" hostname="CNshuming" time="0.002">
  <properties/>
  <testcase name="shouldReturn200WhenExecuteSettingLength200AndExcuteGetLengthGivenLength100" classname="SquareTest" time="0.002"/>
  <system-out><![CDATA[]]></system-out>
  <system-err><![CDATA[]]></system-err>
</testsuite>
