<?xml version="1.0" encoding="UTF-8"?>
<testsuite name="ReactangleTest" tests="1" skipped="0" failures="0" errors="0" timestamp="2019-07-23T11:35:26" hostname="CNshuming" time="0.002">
  <properties/>
  <testcase name="shouldThrowErrorWhenExecuteSettingHeightMinus200AndExcuteGetHeightGivenHeight100" classname="ReactangleTest" time="0.002"/>
  <system-out><![CDATA[]]></system-out>
  <system-err><![CDATA[]]></system-err>
</testsuite>
