<?xml version="1.0" encoding="UTF-8"?>
<testsuite name="ReactangleTest" tests="1" skipped="0" failures="0" errors="0" timestamp="2019-07-23T12:24:05" hostname="CNshuming" time="0.001">
  <properties/>
  <testcase name="shouldReturn12WhenExecuteChangeWidthGivenWidth12Height10" classname="ReactangleTest" time="0.001"/>
  <system-out><![CDATA[]]></system-out>
  <system-err><![CDATA[]]></system-err>
</testsuite>
